<?xml version="1.0" encoding="UTF-8"?>
<!-- Generated by org.testng.reporters.JUnitReportReporter -->
<testsuite hostname="Roshan99" failures="0" tests="1" name="com.crm.qa.testcases.CheckoutTest" time="3.006" errors="0" timestamp="2024-03-06T13:33:15 IST" skipped="0">
  <testcase classname="com.crm.qa.testcases.CheckoutTest" name="AddToCartTest1" time="3.006"/>
  <system-out/>
</testsuite> <!-- com.crm.qa.testcases.CheckoutTest -->
