<?xml version="1.0" encoding="UTF-8"?>
<!-- Generated by org.testng.reporters.JUnitReportReporter -->
<testsuite hostname="Roshan99" failures="0" tests="1" name="com.crm.qa.testcases.FreeCrmTest" time="26.628" errors="0" timestamp="01 Mar 2024 11:14:18 GMT" skipped="0">
  <testcase classname="com.crm.qa.testcases.FreeCrmTest" name="freeCrmTitleTest" time="26.628"/>
</testsuite> <!-- com.crm.qa.testcases.FreeCrmTest -->
