<?xml version="1.0" encoding="UTF-8"?>
<!-- Generated by org.testng.reporters.JUnitReportReporter -->
<testsuite hostname="Roshan99" failures="0" tests="1" name="com.xcp.qa.testcases.CL_transactions_test" time="17.497" errors="0" timestamp="2024-03-07T22:52:15 IST" skipped="0">
  <testcase classname="com.xcp.qa.testcases.CL_transactions_test" name="Deposit_test" time="17.497"/>
  <system-out/>
</testsuite> <!-- com.xcp.qa.testcases.CL_transactions_test -->
