<?xml version="1.0" encoding="UTF-8"?>
<!-- Generated by org.testng.reporters.JUnitReportReporter -->
<testsuite hostname="Roshan99" failures="0" tests="2" name="com.crm.qa.testcases.ImmigrationPageTest" time="21.380" errors="0" timestamp="02 Mar 2024 04:20:23 GMT" skipped="0">
  <testcase classname="com.crm.qa.testcases.ImmigrationPageTest" name="VerifyTitle" time="10.882"/>
  <testcase classname="com.crm.qa.testcases.ImmigrationPageTest" name="addRecords" time="10.498"/>
</testsuite> <!-- com.crm.qa.testcases.ImmigrationPageTest -->
