<?xml version="1.0" encoding="UTF-8"?>
<!-- Generated by org.testng.reporters.JUnitReportReporter -->
<testsuite hostname="Roshan99" failures="0" tests="1" name="com.xcp.qa.testcases.Bank_Manager_Login_test" time="5.091" errors="0" timestamp="2024-03-07T09:27:21 IST" skipped="0">
  <testcase classname="com.xcp.qa.testcases.Bank_Manager_Login_test" name="verifyAddCustomerFunctionality" time="5.091"/>
  <system-out/>
</testsuite> <!-- com.xcp.qa.testcases.Bank_Manager_Login_test -->
