<?xml version="1.0" encoding="UTF-8"?>
<!-- Generated by org.testng.reporters.JUnitReportReporter -->
<testsuite hostname="Roshan99" failures="0" tests="1" name="com.crm.qa.testcases.Bank_Manager_Login_test" time="4.075" errors="0" timestamp="2024-03-06T23:08:52 IST" skipped="0">
  <testcase classname="com.crm.qa.testcases.Bank_Manager_Login_test" name="setUp" time="4.075"/>
  <system-out/>
</testsuite> <!-- com.crm.qa.testcases.Bank_Manager_Login_test -->
