<?xml version="1.0" encoding="UTF-8"?>
<!-- Generated by org.testng.reporters.JUnitReportReporter -->
<testsuite hostname="Roshan99" failures="0" tests="1" name="com.crm.qa.testcases.LoginPageTest" time="2.255" errors="0" timestamp="02 Mar 2024 07:03:53 GMT" skipped="0">
  <testcase classname="com.crm.qa.testcases.LoginPageTest" name="loginTest" time="2.255"/>
</testsuite> <!-- com.crm.qa.testcases.LoginPageTest -->
